<?xml version="1.0" encoding="UTF-8"?>
<!-- Generated by org.testng.reporters.JUnitReportReporter -->
<testsuite hostname="DESKTOP-36T3P3G" failures="0" tests="2" name="sGowda.MavenJava.SeleniumTest" time="0.004" errors="0" timestamp="2020-09-27T13:34:02 IST" skipped="0">
  <testcase classname="sGowda.MavenJava.SeleniumTest" name="BrowserAutomation" time="0.002"/>
  <system-out/>
  <testcase classname="sGowda.MavenJava.SeleniumTest" name="PaginationAutomation" time="0.002"/>
  <system-out/>
</testsuite> <!-- sGowda.MavenJava.SeleniumTest -->
