<?xml version="1.0" encoding="UTF-8"?>
<!-- Generated by org.testng.reporters.JUnitReportReporter -->
<testsuite hostname="DESKTOP-36T3P3G" failures="0" tests="2" name="sGowda.MavenJava.AppiumTest" time="0.003" errors="0" timestamp="2020-09-27T13:34:02 IST" skipped="0">
  <testcase classname="sGowda.MavenJava.AppiumTest" name="MobileAutomation" time="0.001"/>
  <system-out/>
  <testcase classname="sGowda.MavenJava.AppiumTest" name="MobileApplicationAutomation" time="0.002"/>
  <system-out/>
</testsuite> <!-- sGowda.MavenJava.AppiumTest -->
