<?xml version="1.0" encoding="UTF-8"?>
<!-- Generated by org.testng.reporters.JUnitReportReporter -->
<testsuite hostname="DESKTOP-36T3P3G" failures="0" tests="2" name="sGowda.MavenJava.RestAPITest" time="0.018" errors="0" timestamp="2020-09-27T13:34:02 IST" skipped="0">
  <testcase classname="sGowda.MavenJava.RestAPITest" name="GetAPIKey" time="0.002"/>
  <system-out/>
  <testcase classname="sGowda.MavenJava.RestAPITest" name="APIAutomation" time="0.016"/>
  <system-out/>
</testsuite> <!-- sGowda.MavenJava.RestAPITest -->
